<?xml version="1.0" encoding="UTF-8"?>
<testng-results skipped="0" failed="0" ignored="0" total="0" passed="0">
  <reporter-output>
  </reporter-output>
  <suite name="stepDefs.TestRunner" duration-ms="7" started-at="2022-09-11T23:09:35 IST" finished-at="2022-09-11T23:09:35 IST">
    <groups>
    </groups>
    <test name="Command line test" duration-ms="7" started-at="2022-09-11T23:09:35 IST" finished-at="2022-09-11T23:09:35 IST">
    </test> <!-- Command line test -->
  </suite> <!-- stepDefs.TestRunner -->
</testng-results>
