<?xml version="1.0" encoding="UTF-8"?>
<testsuite xmlns:xsi="http://www.w3.org/2001/XMLSchema-instance" xsi:noNamespaceSchemaLocation="https://maven.apache.org/surefire/maven-surefire-plugin/xsd/surefire-test-report-3.0.xsd" version="3.0" name="Product Purchase" time="46.104" tests="4" errors="0" skipped="0" failures="0">
  <properties>
[...]
</properties>
  <testcase name="Adding new customer" classname="This feature would be used to add new user" time="13.302">
    <system-out><![CDATA[Feature: This feature would be used to add new user

  Background: Launch the browser                           # src/test/java/features/customerRegistration.feature:3
    When I have opened the mediCare application in browser # LoginPageScenarios.i_have_opened_the_mediCare_application_in_browser()
    And click on Sign Up link                              # NewUserReg.click_on_Sign_Up_link()

  Scenario: Adding new customer                                                                       # src/test/java/features/customerRegistration.feature:7
    When user enter all customer details                                                              # NewUserReg.user_enter_all_customer_details()
    And click on Next button                                                                          # NewUserReg.click_on_Next_button()
    When user enter sign up address details                                                           # NewUserReg.user_enter_sign_up_address_details()
    And click on Next-Confirm button                                                                  # NewUserReg.click_on_Next_Confirm_button()
    Then user details will be displayed                                                               # NewUserReg.user_details_will_be_displayed()
    And click on confirm button                                                                       # NewUserReg.click_on_confirm_button()
confirm msg  You can use your email address as username to login!
    Then user can see the confirmation message "You can use your email address as username to login!" # NewUserReg.user_can_see_the_confirmation_message(String)
]]></system-out>
    <system-err><![CDATA[SLF4J: Failed to load class "org.slf4j.impl.StaticLoggerBinder".
SLF4J: Defaulting to no-operation (NOP) logger implementation
SLF4J: See http://www.slf4j.org/codes.html#StaticLoggerBinder for further details.
Starting ChromeDriver 104.0.5112.79 (3cf3e8c8a07d104b9e1260c910efb8f383285dc5-refs/branch-heads/5112@{#1307}) on port 28769
Only local connections are allowed.
Please see https://chromedriver.chromium.org/security-considerations for suggestions on keeping ChromeDriver safe.
ChromeDriver was started successfully.
Sep 12, 2022 1:06:17 AM org.openqa.selenium.remote.ProtocolHandshake createSession
INFO: Detected dialect: W3C
]]></system-err>
  </testcase>
  <testcase name="Validate the successful Login" classname="This feature would be used to check the login functionality" time="10.88">
    <system-out><![CDATA[
Feature: This feature would be used to check the login functionality

  Scenario Outline: Validate the successful Login # src/test/java/features/login.feature:7
    When I enter username "<username>" and password "<password>"
    And I click on the login Button
    Then I should be Landed on the products page

    Examples: 

  Background: Launch The browser                           # src/test/java/features/login.feature:3
    When I have opened the mediCare application in browser # LoginPageScenarios.i_have_opened_the_mediCare_application_in_browser()
    And click on login link                                # LoginPageScenarios.click_on_login_link()

  Scenario Outline: Validate the successful Login             # src/test/java/features/login.feature:14
    When I enter username "kn@gmail.com" and password "12345" # LoginPageScenarios.i_enter_username_and_password(String,String)
    And I click on the login Button                           # LoginPageScenarios.i_click_on_the_login_Button()
Kavita Nigam
    Then I should be Landed on the products page              # LoginPageScenarios.i_should_be_Landed_on_the_products_page()
]]></system-out>
    <system-err><![CDATA[Starting ChromeDriver 104.0.5112.79 (3cf3e8c8a07d104b9e1260c910efb8f383285dc5-refs/branch-heads/5112@{#1307}) on port 36126
Only local connections are allowed.
Please see https://chromedriver.chromium.org/security-considerations for suggestions on keeping ChromeDriver safe.
ChromeDriver was started successfully.
Sep 12, 2022 1:06:27 AM org.openqa.selenium.remote.ProtocolHandshake createSession
INFO: Detected dialect: W3C
]]></system-err>
  </testcase>
  <testcase name="Validate the Negative Login" classname="This feature would be used to check the login functionality" time="7.013">
    <system-out><![CDATA[
  Scenario Outline: Validate the Negative Login # src/test/java/features/login.feature:16
    When I enter username "<username>" and password "<password>"
    And I click on the login Button
    Then I should get the error message "Username and Password is invalid!"

    Examples: 

  Background: Launch The browser                           # src/test/java/features/login.feature:3
    When I have opened the mediCare application in browser # LoginPageScenarios.i_have_opened_the_mediCare_application_in_browser()
    And click on login link                                # LoginPageScenarios.click_on_login_link()

  Scenario Outline: Validate the Negative Login                             # src/test/java/features/login.feature:23
    When I enter username "kn1@gmail.com" and password "123456"             # LoginPageScenarios.i_enter_username_and_password(String,String)
    And I click on the login Button                                         # LoginPageScenarios.i_click_on_the_login_Button()
    Then I should get the error message "Username and Password is invalid!" # LoginPageScenarios.i_should_get_the_error_message(String)
]]></system-out>
    <system-err><![CDATA[Starting ChromeDriver 104.0.5112.79 (3cf3e8c8a07d104b9e1260c910efb8f383285dc5-refs/branch-heads/5112@{#1307}) on port 38582
Only local connections are allowed.
Please see https://chromedriver.chromium.org/security-considerations for suggestions on keeping ChromeDriver safe.
ChromeDriver was started successfully.
Sep 12, 2022 1:06:38 AM org.openqa.selenium.remote.ProtocolHandshake createSession
INFO: Detected dialect: W3C
]]></system-err>
  </testcase>
  <testcase name="Adding products to the cart" classname="Product Purchase" time="14.887">
    <system-out><![CDATA[
Feature: Product Purchase

  Background: Launch the browser                                        # src/test/java/features/productPurchase.feature:3
    When I have opened the mediCare application in browser              # LoginPageScenarios.i_have_opened_the_mediCare_application_in_browser()
    And click on login link                                             # LoginPageScenarios.click_on_login_link()
    When user enters username as "kn@gmail.com" and password as "12345" # PurchasePage.user_enters_username_as_and_password_as(String,String)
    And click on the login button                                       # PurchasePage.click_on_login_button()

  Scenario: Adding products to the cart                                       # src/test/java/features/productPurchase.feature:9
    When user click on View Products tab                                      # PurchasePage.user_click_on_View_Products_tab()
    And click on cart icon of the selected product                            # PurchasePage.click_on_cart_icon_of_the_selected_product()
    And click on Continue shopping button                                     # PurchasePage.click_on_Continue_shopping_button()
    Then user goes back to products page                                      # PurchasePage.user_goes_back_to_products_page()
    When user click on cart icon                                              # PurchasePage.user_click_on_cart_icon()
    And click on checkout button                                              # PurchasePage.click_on_checkout_button()
    Then check shipping address and click on select button                    # PurchasePage.check_shipping_address_and_click_on_select_button()
    And provide Card number expiry date and CVV code                          # PurchasePage.provide_Card_number_expiry_date_and_CVV_code()
    And click on Pay button                                                   # PurchasePage.click_on_Pay_button()
    Then user should get the confirmation message "Your Order is Confirmed!!" # PurchasePage.user_should_get_the_confirmation_message(String)
]]></system-out>
    <system-err><![CDATA[Starting ChromeDriver 104.0.5112.79 (3cf3e8c8a07d104b9e1260c910efb8f383285dc5-refs/branch-heads/5112@{#1307}) on port 18903
Only local connections are allowed.
Please see https://chromedriver.chromium.org/security-considerations for suggestions on keeping ChromeDriver safe.
ChromeDriver was started successfully.
Sep 12, 2022 1:06:45 AM org.openqa.selenium.remote.ProtocolHandshake createSession
INFO: Detected dialect: W3C
]]></system-err>
  </testcase>
</testsuite>